<?xml version="1.0" encoding="UTF-8"?>
<!-- Generated by org.testng.reporters.JUnitXMLReporter -->
<testsuite hostname="LAPTOP-PVKV3K3H" ignored="0" name="Test" tests="3" failures="0" timestamp="22 Nov 2020 16:06:43 GMT" time="44.507" errors="0">
  <testcase name="launchMapMaker" time="7.615" classname="com.PropertyCapsuleTestCases.TestCases"/>
  <testcase name="launchTourBook" time="8.338" classname="com.PropertyCapsuleTestCases.TestCases"/>
  <testcase name="launchEnterPriseLogin" time="10.395" classname="com.PropertyCapsuleTestCases.TestCases"/>
</testsuite> <!-- Test -->
