<?xml version="1.0" encoding="UTF-8"?>
<testng-results skipped="0" failed="0" ignored="0" total="3" passed="3">
  <reporter-output>
  </reporter-output>
  <suite name="Suite" duration-ms="44507" started-at="2020-11-22T16:05:58Z" finished-at="2020-11-22T16:06:43Z">
    <groups>
    </groups>
    <test name="Test" duration-ms="44507" started-at="2020-11-22T16:05:58Z" finished-at="2020-11-22T16:06:43Z">
      <class name="com.PropertyCapsuleTestCases.TestCases">
        <test-method status="PASS" signature="setUpConfig()[pri:0, instance:com.PropertyCapsuleTestCases.TestCases@204f30ec]" name="setUpConfig" is-config="true" duration-ms="10" started-at="2020-11-22T16:05:58Z" finished-at="2020-11-22T16:05:58Z">
          <reporter-output>
          </reporter-output>
        </test-method> <!-- setUpConfig -->
        <test-method status="PASS" signature="setp()[pri:0, instance:com.PropertyCapsuleTestCases.TestCases@204f30ec]" name="setp" is-config="true" duration-ms="17217" started-at="2020-11-22T16:05:58Z" finished-at="2020-11-22T16:06:15Z">
          <reporter-output>
          </reporter-output>
        </test-method> <!-- setp -->
        <test-method status="PASS" signature="launchMapMaker()[pri:1, instance:com.PropertyCapsuleTestCases.TestCases@204f30ec]" name="launchMapMaker" duration-ms="7615" started-at="2020-11-22T16:06:15Z" finished-at="2020-11-22T16:06:23Z">
          <reporter-output>
          </reporter-output>
        </test-method> <!-- launchMapMaker -->
        <test-method status="PASS" signature="launchTourBook()[pri:2, instance:com.PropertyCapsuleTestCases.TestCases@204f30ec]" name="launchTourBook" duration-ms="8338" started-at="2020-11-22T16:06:23Z" finished-at="2020-11-22T16:06:31Z">
          <reporter-output>
          </reporter-output>
        </test-method> <!-- launchTourBook -->
        <test-method status="PASS" signature="launchEnterPriseLogin()[pri:3, instance:com.PropertyCapsuleTestCases.TestCases@204f30ec]" name="launchEnterPriseLogin" duration-ms="10395" started-at="2020-11-22T16:06:31Z" finished-at="2020-11-22T16:06:42Z">
          <reporter-output>
          </reporter-output>
        </test-method> <!-- launchEnterPriseLogin -->
        <test-method status="PASS" signature="end()[pri:0, instance:com.PropertyCapsuleTestCases.TestCases@204f30ec]" name="end" is-config="true" duration-ms="857" started-at="2020-11-22T16:06:42Z" finished-at="2020-11-22T16:06:43Z">
          <reporter-output>
          </reporter-output>
        </test-method> <!-- end -->
      </class> <!-- com.PropertyCapsuleTestCases.TestCases -->
    </test> <!-- Test -->
  </suite> <!-- Suite -->
</testng-results>
